This is pdfTeX, Version 3.1415926-2.4-1.40.13 (TeX Live 2012/Debian) (format=pdflatex 2013.4.18)  23 APR 2013 01:36
entering extended mode
 restricted \write18 enabled.
 %&-line parsing enabled.
**abstract.tex
(./abstract.tex
LaTeX2e <2011/06/27>
Babel <v3.8m> and hyphenation patterns for english, dumylang, nohyphenation, lo
aded.

! LaTeX Error: Missing \begin{document}.

See the LaTeX manual or LaTeX Companion for explanation.
Type  H <return>  for immediate help.
 ...                                              
                                                  
l.2 \begin{center}
                  
You're in trouble here.  Try typing  <return>  to proceed.
If that doesn't work, type  X <return>  to quit.


Overfull \hbox (20.0pt too wide) in paragraph at lines 2--2
[] 
 []

! Undefined control sequence.
<recently read> \large 
                       
l.3 \textbf{\large Abstract}
                            
The control sequence at the end of the top line
of your error message was never \def'ed. If you have
misspelled it (e.g., `\hobx'), type `I' and the correct
spelling (e.g., `I\hbox'). Otherwise just continue,
and I'll forget about whatever was undefined.


Overfull \hbox (44.00113pt too wide) in paragraph at lines 3--4
 \OT1/cmr/bx/n/10 Abstract 
 []

Missing character: There is no I in font nullfont!
Missing character: There is no n in font nullfont!
Missing character: There is no t in font nullfont!
Missing character: There is no h in font nullfont!
Missing character: There is no i in font nullfont!
Missing character: There is no s in font nullfont!
Missing character: There is no r in font nullfont!
Missing character: There is no e in font nullfont!
Missing character: There is no p in font nullfont!
Missing character: There is no o in font nullfont!
Missing character: There is no r in font nullfont!
Missing character: There is no t in font nullfont!
Missing character: There is no I in font nullfont!
Missing character: There is no f in font nullfont!
Missing character: There is no o in font nullfont!
Missing character: There is no c in font nullfont!
Missing character: There is no u in font nullfont!
Missing character: There is no s in font nullfont!
Missing character: There is no o in font nullfont!
Missing character: There is no n in font nullfont!
Missing character: There is no t in font nullfont!
Missing character: There is no w in font nullfont!
Missing character: There is no o in font nullfont!
Missing character: There is no a in font nullfont!
Missing character: There is no s in font nullfont!
Missing character: There is no p in font nullfont!
Missing character: There is no e in font nullfont!
Missing character: There is no c in font nullfont!
Missing character: There is no t in font nullfont!
Missing character: There is no s in font nullfont!
Missing character: There is no o in font nullfont!
Missing character: There is no f in font nullfont!
Missing character: There is no m in font nullfont!
Missing character: There is no y in font nullfont!
Missing character: There is no r in font nullfont!
Missing character: There is no e in font nullfont!
Missing character: There is no s in font nullfont!
Missing character: There is no e in font nullfont!
Missing character: There is no a in font nullfont!
Missing character: There is no r in font nullfont!
Missing character: There is no c in font nullfont!
Missing character: There is no h in font nullfont!
Missing character: There is no p in font nullfont!
Missing character: There is no r in font nullfont!
Missing character: There is no o in font nullfont!
Missing character: There is no j in font nullfont!
Missing character: There is no e in font nullfont!
Missing character: There is no c in font nullfont!
Missing character: There is no t in font nullfont!
Missing character: There is no s in font nullfont!
Missing character: There is no . in font nullfont!
Missing character: There is no F in font nullfont!
Missing character: There is no i in font nullfont!
Missing character: There is no r in font nullfont!
Missing character: There is no s in font nullfont!
Missing character: There is no t in font nullfont!
Missing character: There is no w in font nullfont!
Missing character: There is no i in font nullfont!
Missing character: There is no l in font nullfont!
Missing character: There is no l in font nullfont!
Missing character: There is no b in font nullfont!
Missing character: There is no e in font nullfont!
Missing character: There is no t in font nullfont!
Missing character: There is no h in font nullfont!
Missing character: There is no e in font nullfont!
Missing character: There is no t in font nullfont!
Missing character: There is no e in font nullfont!
Missing character: There is no c in font nullfont!
Missing character: There is no h in font nullfont!
Missing character: There is no n in font nullfont!
Missing character: There is no i in font nullfont!
Missing character: There is no q in font nullfont!
Missing character: There is no u in font nullfont!
Missing character: There is no e in font nullfont!
Missing character: There is no s in font nullfont!
Missing character: There is no u in font nullfont!
Missing character: There is no s in font nullfont!
Missing character: There is no e in font nullfont!
Missing character: There is no d in font nullfont!
Missing character: There is no t in font nullfont!
Missing character: There is no o in font nullfont!
Missing character: There is no e in font nullfont!
Missing character: There is no n in font nullfont!
Missing character: There is no h in font nullfont!
Missing character: There is no a in font nullfont!
Missing character: There is no n in font nullfont!
Missing character: There is no c in font nullfont!
Missing character: There is no e in font nullfont!
Missing character: There is no W in font nullfont!
Missing character: There is no a in font nullfont!
Missing character: There is no l in font nullfont!
Missing character: There is no k in font nullfont!
Missing character: There is no i in font nullfont!
Missing character: There is no n in font nullfont!
Missing character: There is no g in font nullfont!
Missing character: There is no S in font nullfont!
Missing character: There is no t in font nullfont!
Missing character: There is no r in font nullfont!
Missing character: There is no a in font nullfont!
Missing character: There is no i in font nullfont!
Missing character: There is no g in font nullfont!
Missing character: There is no h in font nullfont!
Missing character: There is no t in font nullfont!
Missing character: There is no A in font nullfont!
Missing character: There is no p in font nullfont!
Missing character: There is no p in font nullfont!
Missing character: There is no l in font nullfont!
Missing character: There is no i in font nullfont!
Missing character: There is no c in font nullfont!
Missing character: There is no a in font nullfont!
Missing character: There is no t in font nullfont!
Missing character: There is no i in font nullfont!
Missing character: There is no o in font nullfont!
Missing character: There is no n in font nullfont!
Missing character: There is no u in font nullfont!
Missing character: There is no s in font nullfont!
Missing character: There is no i in font nullfont!
Missing character: There is no n in font nullfont!
Missing character: There is no g in font nullfont!
Missing character: There is no C in font nullfont!
Missing character: There is no o in font nullfont!
Missing character: There is no m in font nullfont!
Missing character: There is no p in font nullfont!
Missing character: There is no u in font nullfont!
Missing character: There is no t in font nullfont!
Missing character: There is no e in font nullfont!
Missing character: There is no r in font nullfont!
Missing character: There is no V in font nullfont!
Missing character: There is no i in font nullfont!
Missing character: There is no s in font nullfont!
Missing character: There is no i in font nullfont!
Missing character: There is no o in font nullfont!
Missing character: There is no n in font nullfont!
Missing character: There is no . in font nullfont!
Missing character: There is no L in font nullfont!
Missing character: There is no a in font nullfont!
Missing character: There is no t in font nullfont!
Missing character: There is no e in font nullfont!
Missing character: There is no r in font nullfont!
Missing character: There is no , in font nullfont!
Missing character: There is no I in font nullfont!
Missing character: There is no s in font nullfont!
Missing character: There is no h in font nullfont!
Missing character: There is no a in font nullfont!
Missing character: There is no l in font nullfont!
Missing character: There is no l in font nullfont!
Missing character: There is no d in font nullfont!
Missing character: There is no e in font nullfont!
Missing character: There is no s in font nullfont!
Missing character: There is no c in font nullfont!
Missing character: There is no r in font nullfont!
Missing character: There is no i in font nullfont!
Missing character: There is no b in font nullfont!
Missing character: There is no e in font nullfont!
Missing character: There is no t in font nullfont!
Missing character: There is no h in font nullfont!
Missing character: There is no e in font nullfont!
Missing character: There is no w in font nullfont!
Missing character: There is no o in font nullfont!
Missing character: There is no r in font nullfont!
Missing character: There is no k in font nullfont!
Missing character: There is no o in font nullfont!
Missing character: There is no n in font nullfont!
Missing character: There is no R in font nullfont!
Missing character: There is no e in font nullfont!
Missing character: There is no a in font nullfont!
Missing character: There is no l in font nullfont!
Missing character: There is no - in font nullfont!
Missing character: There is no T in font nullfont!
Missing character: There is no i in font nullfont!
Missing character: There is no m in font nullfont!
Missing character: There is no e in font nullfont!
Missing character: There is no E in font nullfont!
Missing character: There is no m in font nullfont!
Missing character: There is no e in font nullfont!
Missing character: There is no r in font nullfont!
Missing character: There is no g in font nullfont!
Missing character: There is no e in font nullfont!
Missing character: There is no n in font nullfont!
Missing character: There is no c in font nullfont!
Missing character: There is no y in font nullfont!
Missing character: There is no R in font nullfont!
Missing character: There is no e in font nullfont!
Missing character: There is no s in font nullfont!
Missing character: There is no p in font nullfont!
Missing character: There is no o in font nullfont!
Missing character: There is no n in font nullfont!
Missing character: There is no s in font nullfont!
Missing character: There is no e in font nullfont!
Missing character: There is no : in font nullfont!
Missing character: There is no M in font nullfont!
Missing character: There is no o in font nullfont!
Missing character: There is no d in font nullfont!
Missing character: There is no e in font nullfont!
Missing character: There is no r in font nullfont!
Missing character: There is no n in font nullfont!
Missing character: There is no T in font nullfont!
Missing character: There is no o in font nullfont!
Missing character: There is no o in font nullfont!
Missing character: There is no l in font nullfont!
Missing character: There is no s in font nullfont!
Missing character: There is no f in font nullfont!
Missing character: There is no o in font nullfont!
Missing character: There is no r in font nullfont!
Missing character: There is no M in font nullfont!
Missing character: There is no o in font nullfont!
Missing character: There is no d in font nullfont!
Missing character: There is no e in font nullfont!
Missing character: There is no r in font nullfont!
Missing character: There is no n in font nullfont!
Missing character: There is no D in font nullfont!
Missing character: There is no i in font nullfont!
Missing character: There is no s in font nullfont!
Missing character: There is no a in font nullfont!
Missing character: There is no s in font nullfont!
Missing character: There is no t in font nullfont!
Missing character: There is no e in font nullfont!
Missing character: There is no r in font nullfont!
Missing character: There is no s in font nullfont!
Missing character: There is no . in font nullfont!

Overfull \hbox (20.0pt too wide) in paragraph at lines 6--7
[]
 []


Overfull \hbox (42.01097pt too wide) in paragraph at lines 15--16
[]\OT1/cmr/m/it/10 ``The
 []


Overfull \hbox (18.2721pt too wide) in paragraph at lines 15--16
\OT1/cmr/m/it/10 pur-
 []


Overfull \hbox (18.39987pt too wide) in paragraph at lines 15--16
\OT1/cmr/m/it/10 pose
 []


Overfull \hbox (8.17773pt too wide) in paragraph at lines 15--16
\OT1/cmr/m/it/10 of
 []


Overfull \hbox (13.03323pt too wide) in paragraph at lines 15--16
\OT1/cmr/m/it/10 the
 []


Overfull \hbox (13.28879pt too wide) in paragraph at lines 15--16
\OT1/cmr/m/it/10 ab-
 []


Overfull \hbox (27.21645pt too wide) in paragraph at lines 15--16
\OT1/cmr/m/it/10 stract,
 []


Overfull \hbox (24.53319pt too wide) in paragraph at lines 15--16
\OT1/cmr/m/it/10 which
 []


Overfull \hbox (27.3443pt too wide) in paragraph at lines 15--16
\OT1/cmr/m/it/10 should
 []


Overfull \hbox (14.05547pt too wide) in paragraph at lines 15--16
\OT1/cmr/m/it/10 not
 []


Overfull \hbox (12.81657pt too wide) in paragraph at lines 15--16
\OT1/cmr/m/it/10 ex-
 []


Overfull \hbox (17.3776pt too wide) in paragraph at lines 15--16
\OT1/cmr/m/it/10 ceed
 []


Overfull \hbox (15.33325pt too wide) in paragraph at lines 15--16
\OT1/cmr/m/it/10 150
 []


Overfull \hbox (24.66095pt too wide) in paragraph at lines 15--16
\OT1/cmr/m/it/10 words
 []


Overfull \hbox (12.39436pt too wide) in paragraph at lines 15--16
\OT1/cmr/m/it/10 for
 []


Overfull \hbox (5.11108pt too wide) in paragraph at lines 15--16
\OT1/cmr/m/it/10 a
 []


Overfull \hbox (21.74431pt too wide) in paragraph at lines 15--16
\OT1/cmr/m/it/10 Mas-
 []


Overfull \hbox (19.2943pt too wide) in paragraph at lines 15--16
\OT1/cmr/m/it/10 ters'
 []


Overfull \hbox (16.61098pt too wide) in paragraph at lines 15--16
\OT1/cmr/m/it/10 the-
 []


Overfull \hbox (11.24438pt too wide) in paragraph at lines 15--16
\OT1/cmr/m/it/10 sis
 []


Overfull \hbox (9.32771pt too wide) in paragraph at lines 15--16
\OT1/cmr/m/it/10 or
 []


Overfull \hbox (15.33325pt too wide) in paragraph at lines 15--16
\OT1/cmr/m/it/10 350
 []


Overfull \hbox (24.66095pt too wide) in paragraph at lines 15--16
\OT1/cmr/m/it/10 words
 []


Overfull \hbox (12.39436pt too wide) in paragraph at lines 15--16
\OT1/cmr/m/it/10 for
 []


Overfull \hbox (5.11108pt too wide) in paragraph at lines 15--16
\OT1/cmr/m/it/10 a
 []


Overfull \hbox (20.3276pt too wide) in paragraph at lines 15--16
\OT1/cmr/m/it/10 Doc-
 []


Overfull \hbox (19.8054pt too wide) in paragraph at lines 15--16
\OT1/cmr/m/it/10 toral
 []


Overfull \hbox (16.61098pt too wide) in paragraph at lines 15--16
\OT1/cmr/m/it/10 the-
 []


Overfull \hbox (14.31104pt too wide) in paragraph at lines 15--16
\OT1/cmr/m/it/10 sis,
 []


Overfull \hbox (7.15552pt too wide) in paragraph at lines 15--16
\OT1/cmr/m/it/10 is
 []


Overfull \hbox (8.43327pt too wide) in paragraph at lines 15--16
\OT1/cmr/m/it/10 to
 []


Overfull \hbox (17.50542pt too wide) in paragraph at lines 15--16
\OT1/cmr/m/it/10 pro-
 []


Overfull \hbox (17.37766pt too wide) in paragraph at lines 15--16
\OT1/cmr/m/it/10 vide
 []


Overfull \hbox (16.0999pt too wide) in paragraph at lines 15--16
\OT1/cmr/m/it/10 suf-
 []


Overfull \hbox (9.19994pt too wide) in paragraph at lines 15--16
\OT1/cmr/m/it/10 fi-
 []


Overfull \hbox (21.21095pt too wide) in paragraph at lines 15--16
\OT1/cmr/m/it/10 cient
 []


Overfull \hbox (12.26659pt too wide) in paragraph at lines 15--16
\OT1/cmr/m/it/10 in-
 []


Overfull \hbox (15.9721pt too wide) in paragraph at lines 15--16
\OT1/cmr/m/it/10 for-
 []


Overfull \hbox (16.86656pt too wide) in paragraph at lines 15--16
\OT1/cmr/m/it/10 ma-
 []


Overfull \hbox (17.12212pt too wide) in paragraph at lines 15--16
\OT1/cmr/m/it/10 tion
 []


Overfull \hbox (8.43327pt too wide) in paragraph at lines 15--16
\OT1/cmr/m/it/10 to
 []


Overfull \hbox (11.24437pt too wide) in paragraph at lines 15--16
\OT1/cmr/m/it/10 al-
 []


Overfull \hbox (14.31104pt too wide) in paragraph at lines 15--16
\OT1/cmr/m/it/10 low
 []


Overfull \hbox (13.28879pt too wide) in paragraph at lines 15--16
\OT1/cmr/m/it/10 po-
 []


Overfull \hbox (17.12209pt too wide) in paragraph at lines 15--16
\OT1/cmr/m/it/10 ten-
 []


Overfull \hbox (14.05547pt too wide) in paragraph at lines 15--16
\OT1/cmr/m/it/10 tial
 []


Overfull \hbox (21.59425pt too wide) in paragraph at lines 15--16
\OT1/cmr/m/it/10 read-
 []


Overfull \hbox (12.90546pt too wide) in paragraph at lines 15--16
\OT1/cmr/m/it/10 ers
 []


Overfull \hbox (8.43327pt too wide) in paragraph at lines 15--16
\OT1/cmr/m/it/10 to
 []


Overfull \hbox (13.28879pt too wide) in paragraph at lines 15--16
\OT1/cmr/m/it/10 de-
 []


Overfull \hbox (17.37766pt too wide) in paragraph at lines 15--16
\OT1/cmr/m/it/10 cide
 []


Overfull \hbox (10.73328pt too wide) in paragraph at lines 15--16
\OT1/cmr/m/it/10 on
 []


Overfull \hbox (14.43875pt too wide) in paragraph at lines 15--16
\OT1/cmr/m/it/10 rel-
 []


Overfull \hbox (8.1777pt too wide) in paragraph at lines 15--16
\OT1/cmr/m/it/10 e-
 []


Overfull \hbox (24.02203pt too wide) in paragraph at lines 15--16
\OT1/cmr/m/it/10 vance
 []


Overfull \hbox (8.17773pt too wide) in paragraph at lines 15--16
\OT1/cmr/m/it/10 of
 []


Overfull \hbox (13.03323pt too wide) in paragraph at lines 15--16
\OT1/cmr/m/it/10 the
 []


Overfull \hbox (16.61098pt too wide) in paragraph at lines 15--16
\OT1/cmr/m/it/10 the-
 []


Overfull \hbox (14.31104pt too wide) in paragraph at lines 15--16
\OT1/cmr/m/it/10 sis.
 []


Overfull \hbox (15.35542pt too wide) in paragraph at lines 15--16
\OT1/cmr/m/it/10 Ab-
 []


Overfull \hbox (28.23866pt too wide) in paragraph at lines 15--16
\OT1/cmr/m/it/10 stracts
 []


Overfull \hbox (22.23317pt too wide) in paragraph at lines 15--16
\OT1/cmr/m/it/10 listed
 []


Overfull \hbox (8.68884pt too wide) in paragraph at lines 15--16
\OT1/cmr/m/it/10 in
 []


Overfull \hbox (18.2832pt too wide) in paragraph at lines 15--16
\OT1/cmr/m/it/10 Dis-
 []


Overfull \hbox (16.4832pt too wide) in paragraph at lines 15--16
\OT1/cmr/m/it/10 ser-
 []


Overfull \hbox (12.01102pt too wide) in paragraph at lines 15--16
\OT1/cmr/m/it/10 ta-
 []


Overfull \hbox (17.12212pt too wide) in paragraph at lines 15--16
\OT1/cmr/m/it/10 tion
 []


Overfull \hbox (15.35542pt too wide) in paragraph at lines 15--16
\OT1/cmr/m/it/10 Ab-
 []


Overfull \hbox (28.23866pt too wide) in paragraph at lines 15--16
\OT1/cmr/m/it/10 stracts
 []


Overfull \hbox (13.05547pt too wide) in paragraph at lines 15--16
\OT1/cmr/m/it/10 In-
 []


Overfull \hbox (15.71652pt too wide) in paragraph at lines 15--16
\OT1/cmr/m/it/10 ter-
 []


Overfull \hbox (14.31102pt too wide) in paragraph at lines 15--16
\OT1/cmr/m/it/10 na-
 []


Overfull \hbox (24.78874pt too wide) in paragraph at lines 15--16
\OT1/cmr/m/it/10 tional
 []


Overfull \hbox (9.32771pt too wide) in paragraph at lines 15--16
\OT1/cmr/m/it/10 or
 []


Overfull \hbox (21.74431pt too wide) in paragraph at lines 15--16
\OT1/cmr/m/it/10 Mas-
 []


Overfull \hbox (19.2943pt too wide) in paragraph at lines 15--16
\OT1/cmr/m/it/10 ters'
 []


Overfull \hbox (15.35542pt too wide) in paragraph at lines 15--16
\OT1/cmr/m/it/10 Ab-
 []


Overfull \hbox (28.23866pt too wide) in paragraph at lines 15--16
\OT1/cmr/m/it/10 stracts
 []


Overfull \hbox (13.05547pt too wide) in paragraph at lines 15--16
\OT1/cmr/m/it/10 In-
 []


Overfull \hbox (15.71652pt too wide) in paragraph at lines 15--16
\OT1/cmr/m/it/10 ter-
 []


Overfull \hbox (14.31102pt too wide) in paragraph at lines 15--16
\OT1/cmr/m/it/10 na-
 []


Overfull \hbox (24.78874pt too wide) in paragraph at lines 15--16
\OT1/cmr/m/it/10 tional
 []


Overfull \hbox (27.3443pt too wide) in paragraph at lines 15--16
\OT1/cmr/m/it/10 should
 []


Overfull \hbox (18.39986pt too wide) in paragraph at lines 15--16
\OT1/cmr/m/it/10 con-
 []


Overfull \hbox (17.12212pt too wide) in paragraph at lines 15--16
\OT1/cmr/m/it/10 tain
 []


Overfull \hbox (13.79991pt too wide) in paragraph at lines 15--16
\OT1/cmr/m/it/10 ap-
 []


Overfull \hbox (17.50542pt too wide) in paragraph at lines 15--16
\OT1/cmr/m/it/10 pro-
 []


Overfull \hbox (15.9721pt too wide) in paragraph at lines 15--16
\OT1/cmr/m/it/10 pri-
 []


Overfull \hbox (13.03323pt too wide) in paragraph at lines 15--16
\OT1/cmr/m/it/10 ate
 []


Overfull \hbox (14.05544pt too wide) in paragraph at lines 15--16
\OT1/cmr/m/it/10 key
 []


Overfull \hbox (24.66095pt too wide) in paragraph at lines 15--16
\OT1/cmr/m/it/10 words
 []


Overfull \hbox (15.84436pt too wide) in paragraph at lines 15--16
\OT1/cmr/m/it/10 and
 []


Overfull \hbox (31.81645pt too wide) in paragraph at lines 15--16
\OT1/cmr/m/it/10 phrases
 []


Overfull \hbox (13.28879pt too wide) in paragraph at lines 15--16
\OT1/cmr/m/it/10 de-
 []


Overfull \hbox (26.57759pt too wide) in paragraph at lines 15--16
\OT1/cmr/m/it/10 signed
 []


Overfull \hbox (8.43327pt too wide) in paragraph at lines 15--16
\OT1/cmr/m/it/10 to
 []


Overfull \hbox (12.7777pt too wide) in paragraph at lines 15--16
\OT1/cmr/m/it/10 as-
 []


Overfull \hbox (14.56657pt too wide) in paragraph at lines 15--16
\OT1/cmr/m/it/10 sist
 []


Overfull \hbox (19.42204pt too wide) in paragraph at lines 15--16
\OT1/cmr/m/it/10 elec-
 []


Overfull \hbox (25.42758pt too wide) in paragraph at lines 15--16
\OT1/cmr/m/it/10 tronic
 []


Overfull \hbox (44.30136pt too wide) in paragraph at lines 15--16
\OT1/cmr/m/it/10 searches.'' 
 []

Missing character: There is no - in font nullfont!
Missing character: There is no - in font nullfont!
Missing character: There is no - in font nullfont!
Missing character: There is no M in font nullfont!
Missing character: There is no U in font nullfont!
Missing character: There is no N in font nullfont!
Missing character: There is no S in font nullfont!
Missing character: There is no c in font nullfont!
Missing character: There is no h in font nullfont!
Missing character: There is no o in font nullfont!
Missing character: There is no o in font nullfont!
Missing character: There is no l in font nullfont!
Missing character: There is no o in font nullfont!
Missing character: There is no f in font nullfont!
Missing character: There is no G in font nullfont!
Missing character: There is no r in font nullfont!
Missing character: There is no a in font nullfont!
Missing character: There is no d in font nullfont!
Missing character: There is no u in font nullfont!
Missing character: There is no a in font nullfont!
Missing character: There is no t in font nullfont!
Missing character: There is no e in font nullfont!
Missing character: There is no S in font nullfont!
Missing character: There is no t in font nullfont!
Missing character: There is no u in font nullfont!
Missing character: There is no d in font nullfont!
Missing character: There is no i in font nullfont!
Missing character: There is no e in font nullfont!
Missing character: There is no s in font nullfont!
)
! Emergency stop.
<*> abstract.tex
                
*** (job aborted, no legal \end found)

 
Here is how much of TeX's memory you used:
 11 strings out of 495059
 188 string characters out of 3182030
 47057 words of memory out of 3000000
 3292 multiletter control sequences out of 15000+200000
 4294 words of font info for 16 fonts, out of 3000000 for 9000
 14 hyphenation exceptions out of 8191
 14i,1n,10p,275b,110s stack positions out of 5000i,500n,10000p,200000b,50000s
!  ==> Fatal error occurred, no output PDF file produced!
