This is pdfTeX, Version 3.1415926-2.4-1.40.13 (TeX Live 2012/Debian) (format=pdflatex 2013.4.24)  8 MAY 2013 18:44
entering extended mode
 restricted \write18 enabled.
 %&-line parsing enabled.
**thesis.tex
(./thesis.tex
LaTeX2e <2011/06/27>
Babel <v3.8m> and hyphenation patterns for english, dumylang, nohyphenation, lo
aded.
(/usr/share/texlive/texmf-dist/tex/latex/base/report.cls
Document Class: report 2007/10/19 v1.4h Standard LaTeX document class
(/usr/share/texlive/texmf-dist/tex/latex/base/size12.clo
File: size12.clo 2007/10/19 v1.4h Standard LaTeX file (size option)
)
\c@part=\count79
\c@chapter=\count80
\c@section=\count81
\c@subsection=\count82
\c@subsubsection=\count83
\c@paragraph=\count84
\c@subparagraph=\count85
\c@figure=\count86
\c@table=\count87
\abovecaptionskip=\skip41
\belowcaptionskip=\skip42
\bibindent=\dimen102
) (./thesis.sty
(/usr/share/texlive/texmf-dist/tex/latex/graphics/graphicx.sty
Package: graphicx 1999/02/16 v1.0f Enhanced LaTeX Graphics (DPC,SPQR)

(/usr/share/texlive/texmf-dist/tex/latex/graphics/keyval.sty
Package: keyval 1999/03/16 v1.13 key=value parser (DPC)
\KV@toks@=\toks14
)
(/usr/share/texlive/texmf-dist/tex/latex/graphics/graphics.sty
Package: graphics 2009/02/05 v1.0o Standard LaTeX Graphics (DPC,SPQR)

(/usr/share/texlive/texmf-dist/tex/latex/graphics/trig.sty
Package: trig 1999/03/16 v1.09 sin cos tan (DPC)
)
(/usr/share/texlive/texmf-dist/tex/latex/latexconfig/graphics.cfg
File: graphics.cfg 2010/04/23 v1.9 graphics configuration of TeX Live
)
Package graphics Info: Driver file: pdftex.def on input line 91.

(/usr/share/texlive/texmf-dist/tex/latex/pdftex-def/pdftex.def
File: pdftex.def 2011/05/27 v0.06d Graphics/color for pdfTeX

(/usr/share/texlive/texmf-dist/tex/generic/oberdiek/infwarerr.sty
Package: infwarerr 2010/04/08 v1.3 Providing info/warning/error messages (HO)
)
(/usr/share/texlive/texmf-dist/tex/generic/oberdiek/ltxcmds.sty
Package: ltxcmds 2011/11/09 v1.22 LaTeX kernel commands for general use (HO)
)
\Gread@gobject=\count88
))
\Gin@req@height=\dimen103
\Gin@req@width=\dimen104
)
(/usr/share/texlive/texmf-dist/tex/latex/base/latexsym.sty
Package: latexsym 1998/08/17 v2.2e Standard LaTeX package (lasy symbols)
\symlasy=\mathgroup4
LaTeX Font Info:    Overwriting symbol font `lasy' in version `bold'
(Font)                  U/lasy/m/n --> U/lasy/b/n on input line 47.
)
(/usr/share/texlive/texmf-dist/tex/latex/rotating/rotating.sty
Package: rotating 2009/03/28 v2.16a rotated objects in LaTeX

(/usr/share/texlive/texmf-dist/tex/latex/base/ifthen.sty
Package: ifthen 2001/05/26 v1.1c Standard LaTeX ifthen package (DPC)
)
\c@r@tfl@t=\count89
\rotFPtop=\skip43
\rotFPbot=\skip44
\rot@float@box=\box26
\rot@mess@toks=\toks15
)
\c@cor=\count90
)
\c@thm=\count91
 (./thesis.aux
(./abstract.aux) (./ack.aux) (./contents.aux) (./figures.aux) (./chap1.aux)
(./chap2.aux) (./bib.aux))
\openout1 = `thesis.aux'.

LaTeX Font Info:    Checking defaults for OML/cmm/m/it on input line 6.
LaTeX Font Info:    ... okay on input line 6.
LaTeX Font Info:    Checking defaults for T1/cmr/m/n on input line 6.
LaTeX Font Info:    ... okay on input line 6.
LaTeX Font Info:    Checking defaults for OT1/cmr/m/n on input line 6.
LaTeX Font Info:    ... okay on input line 6.
LaTeX Font Info:    Checking defaults for OMS/cmsy/m/n on input line 6.
LaTeX Font Info:    ... okay on input line 6.
LaTeX Font Info:    Checking defaults for OMX/cmex/m/n on input line 6.
LaTeX Font Info:    ... okay on input line 6.
LaTeX Font Info:    Checking defaults for U/cmr/m/n on input line 6.
LaTeX Font Info:    ... okay on input line 6.

(/usr/share/texlive/texmf-dist/tex/context/base/supp-pdf.mkii
[Loading MPS to PDF converter (version 2006.09.02).]
\scratchcounter=\count92
\scratchdimen=\dimen105
\scratchbox=\box27
\nofMPsegments=\count93
\nofMParguments=\count94
\everyMPshowfont=\toks16
\MPscratchCnt=\count95
\MPscratchDim=\dimen106
\MPnumerator=\count96
\makeMPintoPDFobject=\count97
\everyMPtoPDFconversion=\toks17
) (/usr/share/texlive/texmf-dist/tex/generic/oberdiek/pdftexcmds.sty
Package: pdftexcmds 2011/11/29 v0.20 Utility functions of pdfTeX for LuaTeX (HO
)

(/usr/share/texlive/texmf-dist/tex/generic/oberdiek/ifluatex.sty
Package: ifluatex 2010/03/01 v1.3 Provides the ifluatex switch (HO)
Package ifluatex Info: LuaTeX not detected.
)
(/usr/share/texlive/texmf-dist/tex/generic/oberdiek/ifpdf.sty
Package: ifpdf 2011/01/30 v2.3 Provides the ifpdf switch (HO)
Package ifpdf Info: pdfTeX in PDF mode is detected.
)
Package pdftexcmds Info: LuaTeX not detected.
Package pdftexcmds Info: \pdf@primitive is available.
Package pdftexcmds Info: \pdf@ifprimitive is available.
Package pdftexcmds Info: \pdfdraftmode found.
)
(/usr/share/texlive/texmf-dist/tex/latex/oberdiek/epstopdf-base.sty
Package: epstopdf-base 2010/02/09 v2.5 Base part for package epstopdf

(/usr/share/texlive/texmf-dist/tex/latex/oberdiek/grfext.sty
Package: grfext 2010/08/19 v1.1 Manage graphics extensions (HO)

(/usr/share/texlive/texmf-dist/tex/generic/oberdiek/kvdefinekeys.sty
Package: kvdefinekeys 2011/04/07 v1.3 Define keys (HO)
))
(/usr/share/texlive/texmf-dist/tex/latex/oberdiek/kvoptions.sty
Package: kvoptions 2011/06/30 v3.11 Key value format for package options (HO)

(/usr/share/texlive/texmf-dist/tex/generic/oberdiek/kvsetkeys.sty
Package: kvsetkeys 2012/04/25 v1.16 Key value parser (HO)

(/usr/share/texlive/texmf-dist/tex/generic/oberdiek/etexcmds.sty
Package: etexcmds 2011/02/16 v1.5 Avoid name clashes with e-TeX commands (HO)
Package etexcmds Info: Could not find \expanded.
(etexcmds)             That can mean that you are not using pdfTeX 1.50 or
(etexcmds)             that some package has redefined \expanded.
(etexcmds)             In the latter case, load this package earlier.
)))
Package grfext Info: Graphics extension search list:
(grfext)             [.png,.pdf,.jpg,.mps,.jpeg,.jbig2,.jb2,.PNG,.PDF,.JPG,.JPE
G,.JBIG2,.JB2,.eps]
(grfext)             \AppendGraphicsExtensions on input line 452.

(/usr/share/texlive/texmf-dist/tex/latex/latexconfig/epstopdf-sys.cfg
File: epstopdf-sys.cfg 2010/07/13 v1.3 Configuration of (r)epstopdf for TeX Liv
e
))
LaTeX Font Info:    Try loading font information for OMS+cmr on input line 27.

(/usr/share/texlive/texmf-dist/tex/latex/base/omscmr.fd
File: omscmr.fd 1999/05/25 v2.5h Standard LaTeX font definitions
)
LaTeX Font Info:    Font shape `OMS/cmr/m/n' in size <12> not available
(Font)              Font shape `OMS/cmsy/m/n' tried instead on input line 27.
 [1

{/var/lib/texmf/fonts/map/pdftex/updmap/pdftex.map}]
\openout2 = `abstract.aux'.

 (./abstract.tex) [2

]
\openout2 = `ack.aux'.

 (./ack.tex) [3


]
\openout2 = `contents.aux'.


(./contents.tex (./thesis.toc
LaTeX Font Info:    External font `cmex10' loaded for size
(Font)              <12> on input line 5.
LaTeX Font Info:    External font `cmex10' loaded for size
(Font)              <8> on input line 5.
LaTeX Font Info:    External font `cmex10' loaded for size
(Font)              <6> on input line 5.
LaTeX Font Info:    Try loading font information for U+lasy on input line 5.

(/usr/share/texlive/texmf-dist/tex/latex/base/ulasy.fd
File: ulasy.fd 1998/08/17 v2.2e LaTeX symbol font definitions
) [4



])
\tf@toc=\write3
\openout3 = `thesis.toc'.

) [5]
\openout2 = `figures.aux'.


(./figures.tex (./thesis.lof)
\tf@lof=\write4
\openout4 = `thesis.lof'.

) [6



]
\openout2 = `chap1.aux'.

 (./chap1.tex
Chapter 1.
Missing character: There is no ‚ in font cmr12!
Missing character: There is no Ä in font cmr12!
Missing character: There is no ò in font cmr12!
Missing character: There is no ‚ in font cmr12!
Missing character: There is no Ä in font cmr12!
Missing character: There is no ô in font cmr12!
[1



]
Missing character: There is no ‚ in font cmr12!
Missing character: There is no Ä in font cmr12!
Missing character: There is no ô in font cmr12!
Missing character: There is no ‚ in font cmr12!
Missing character: There is no Ä in font cmr12!
Missing character: There is no ô in font cmr12!
 <sensor.png, id=29, 541.02126pt x 230.8625pt>
File: sensor.png Graphic file (type png)
 <use sensor.png>
Package pdftex.def Info: sensor.png used on input line 21.
(pdftex.def)             Requested size: 432.81758pt x 184.69023pt.
 [2 <./sensor.png>] <binary.png, id=33, 645.41125pt x 285.065pt>
File: binary.png Graphic file (type png)
 <use binary.png>
Package pdftex.def Info: binary.png used on input line 41.
(pdftex.def)             Requested size: 322.70483pt x 142.53215pt.
 [3]
[4 <./binary.png>] <falsede.png, id=40, 722.7pt x 408.52625pt>
File: falsede.png Graphic file (type png)

<use falsede.png>
Package pdftex.def Info: falsede.png used on input line 64.
(pdftex.def)             Requested size: 361.3491pt x 204.26262pt.
 [5]
Missing character: There is no ‚ in font cmr12!
Missing character: There is no Ä in font cmr12!
Missing character: There is no ô in font cmr12!
 <camshift.png, id=44, 718.685pt x 430.60875pt>
File: camshift.png Graphic file (type png)

<use camshift.png>
Package pdftex.def Info: camshift.png used on input line 78.
(pdftex.def)             Requested size: 359.34161pt x 215.30383pt.
 [6 <./falsede.png>] [7 <./camshift.png>]) [8]
\openout2 = `chap2.aux'.

 (./chap2.tex
Chapter 2.
[9



]
LaTeX Font Info:    Font shape `OMS/cmr/m/sl' in size <12> not available
(Font)              Font shape `OMS/cmsy/m/n' tried instead on input line 25.
Missing character: There is no ‚ in font cmsl12!
Missing character: There is no Ä in font cmsl12!
Missing character: There is no ú in font cmsl12!
Missing character: There is no ‚ in font cmsl12!
Missing character: There is no Ä in font cmsl12!
Missing character: There is no ù in font cmsl12!
 <InformationTiers.png, id=59, 708.39656pt x 546.54187pt>
File: InformationTiers.png Graphic file (type png)

<use InformationTiers.png>
Package pdftex.def Info: InformationTiers.png used on input line 35.
(pdftex.def)             Requested size: 141.67679pt x 109.30643pt.
 [10]
Missing character: There is no ‚ in font cmsl12!
Missing character: There is no Ä in font cmsl12!
Missing character: There is no ù in font cmsl12!
 [11 <./InformationTiers.png>]
LaTeX Font Info:    External font `cmex10' loaded for size
(Font)              <7> on input line 63.
LaTeX Font Info:    External font `cmex10' loaded for size
(Font)              <5> on input line 63.

<clientscreen.png, id=68, 1294.8375pt x 906.38625pt>
File: clientscreen.png Graphic file (type png)
 <use clientscreen.png>
Package pdftex.def Info: clientscreen.png used on input line 66.
(pdftex.def)             Requested size: 388.45424pt x 271.91797pt.

[12] [13 <./clientscreen.png>] [14]
Overfull \hbox (1.72678pt too wide) in paragraph at lines 95--96
\OT1/cmtt/m/n/12 any OR of OR these OR words -none -of -these -words #these
 []


Overfull \hbox (20.25179pt too wide) in paragraph at lines 95--96
\OT1/cmtt/m/n/12 OR #hashtags lang:en from:from OR from:these OR from:accounts
 []


Overfull \hbox (38.7768pt too wide) in paragraph at lines 95--96
\OT1/cmtt/m/n/12 to:to OR to:these OR to:accounts mentioning OR these OR accoun
ts
 []

[15] <createtwitter.png, id=86, 1029.8475pt x 544.0325pt>
File: createtwitter.png Graphic file (type png)

<use createtwitter.png>
Package pdftex.def Info: createtwitter.png used on input line 109.
(pdftex.def)             Requested size: 308.95663pt x 163.211pt.
 [16 <./createtwitter.png>]
Missing character: There is no ‚ in font cmr12!
Missing character: There is no Ä in font cmr12!
Missing character: There is no ò in font cmr12!
Missing character: There is no ‚ in font cmr12!
Missing character: There is no Ä in font cmr12!
Missing character: There is no ô in font cmr12!
Missing character: There is no ‚ in font cmr12!
Missing character: There is no Ä in font cmr12!
Missing character: There is no ò in font cmr12!
Missing character: There is no ‚ in font cmr12!
Missing character: There is no Ä in font cmr12!
Missing character: There is no ô in font cmr12!
Missing character: There is no ‚ in font cmr12!
Missing character: There is no Ä in font cmr12!
Missing character: There is no ò in font cmr12!
Missing character: There is no ‚ in font cmr12!
Missing character: There is no Ä in font cmr12!
Missing character: There is no ô in font cmr12!

<closeuptwittersearch.png, id=90, 1048.91875pt x 541.02126pt>
File: closeuptwittersearch.png Graphic file (type png)

<use closeuptwittersearch.png>
Package pdftex.def Info: closeuptwittersearch.png used on input line 126.
(pdftex.def)             Requested size: 314.67805pt x 162.30762pt.

<singletweet.png, id=91, 1066.98625pt x 506.89375pt>
File: singletweet.png Graphic file (type png)
 <use singletweet.png>
Package pdftex.def Info: singletweet.png used on input line 139.
(pdftex.def)             Requested size: 320.09834pt x 152.06929pt.

[17 <./closeuptwittersearch.png>] [18 <./singletweet.png>]
Missing character: There is no ‚ in font cmr12!
Missing character: There is no Ä in font cmr12!
Missing character: There is no ô in font cmr12!

<androidv2.png, id=98, 406.51875pt x 503.8825pt>
File: androidv2.png Graphic file (type png)
 <use androidv2.png>
Package pdftex.def Info: androidv2.png used on input line 166.
(pdftex.def)             Requested size: 243.91312pt x 302.33183pt.
 [19]
Missing character: There is no ‚ in font cmr12!
Missing character: There is no Ä in font cmr12!
Missing character: There is no ô in font cmr12!

[20] [21 <./androidv2.png>]) [22]
\openout2 = `bib.aux'.

 (./bib.tex (./thesis.bbl [23



])) [24]
(./thesis.aux (./abstract.aux) (./ack.aux) (./contents.aux) (./figures.aux)
(./chap1.aux) (./chap2.aux) (./bib.aux)) ) 
Here is how much of TeX's memory you used:
 1847 strings out of 495059
 26026 string characters out of 3182030
 81390 words of memory out of 3000000
 4948 multiletter control sequences out of 15000+200000
 10004 words of font info for 39 fonts, out of 3000000 for 9000
 14 hyphenation exceptions out of 8191
 38i,8n,23p,1151b,448s stack positions out of 5000i,500n,10000p,200000b,50000s
</usr/share/texlive/texmf-dist/fonts/
type1/public/amsfonts/cm/cmbx12.pfb></usr/share/texlive/texmf-dist/fonts/type1/
public/amsfonts/cm/cmr10.pfb></usr/share/texlive/texmf-dist/fonts/type1/public/
amsfonts/cm/cmr12.pfb></usr/share/texlive/texmf-dist/fonts/type1/public/amsfont
s/cm/cmr7.pfb></usr/share/texlive/texmf-dist/fonts/type1/public/amsfonts/cm/cmr
8.pfb></usr/share/texlive/texmf-dist/fonts/type1/public/amsfonts/cm/cmsl12.pfb>
</usr/share/texlive/texmf-dist/fonts/type1/public/amsfonts/cm/cmsy10.pfb></usr/
share/texlive/texmf-dist/fonts/type1/public/amsfonts/cm/cmti12.pfb></usr/share/
texlive/texmf-dist/fonts/type1/public/amsfonts/cm/cmtt12.pfb>
Output written on thesis.pdf (30 pages, 2393460 bytes).
PDF statistics:
 148 PDF objects out of 1000 (max. 8388607)
 95 compressed objects within 1 object stream
 0 named destinations out of 1000 (max. 500000)
 51 words of extra memory for PDF output out of 10000 (max. 10000000)

